2025-09-07 21:00:00,689 - INFO - HTTP Request: GET https://omhpngniqyhejtbyujag.supabase.co/rest/v1/items?select=id&limit=1 "HTTP/2 200 OK"
2025-09-07 21:06:21,287 - INFO - SUCCESS: Supabase client initialized successfully
2025-09-07 21:06:21,288 - INFO - INIT: Initializing Image Similarity Searcher...
2025-09-07 21:06:21,288 - INFO - INIT: Initializing resnet18 embedder...
2025-09-07 21:06:21,420 - INFO - SUCCESS: ResNet embedder ready on cpu
2025-09-07 21:06:21,420 - INFO - CREATE: Creating new FAISS index
2025-09-07 21:06:21,420 - INFO - READY: FAISS index ready with 0 vectors
2025-09-07 21:06:21,421 - INFO - INIT: Loading YOLO model: yolov8n.pt
2025-09-07 21:06:21,447 - INFO - SUCCESS: YOLO detector ready
2025-09-07 21:06:21,447 - INFO - SUCCESS: Image Similarity Searcher ready!
2025-09-07 21:06:21,447 - INFO - VALIDATE: Validating system setup...
2025-09-07 21:06:23,695 - INFO - HTTP Request: GET https://omhpngniqyhejtbyujag.supabase.co/rest/v1/items?select=id&limit=1 "HTTP/2 200 OK"
2025-09-07 21:06:23,700 - INFO - SUCCESS: Database connection successful
2025-09-07 21:06:24,493 - INFO - HTTP Request: POST https://omhpngniqyhejtbyujag.supabase.co/storage/v1/object/list/inventory "HTTP/2 200 OK"
2025-09-07 21:06:24,494 - INFO - SUCCESS: Storage bucket accessible
2025-09-07 21:06:24,494 - INFO - INFO: FAISS index will be created on first use
2025-09-07 21:06:24,495 - INFO - SUCCESS: All systems validated successfully!
2025-09-07 21:06:24,719 - INFO - HTTP Request: GET https://omhpngniqyhejtbyujag.supabase.co/rest/v1/items?select=id "HTTP/2 200 OK"
2025-09-07 21:06:24,720 - INFO - STATS: Current Statistics:
2025-09-07 21:06:24,721 - INFO -   database_items: 0
2025-09-07 21:06:24,721 - INFO -   faiss_vectors: 0
2025-09-07 21:06:24,721 - INFO -   index_file_size_mb: 0.0
2025-09-07 21:06:24,722 - INFO -   index_file_exists: False
2025-09-07 21:06:24,722 - INFO -   temp_files: 0
2025-09-07 21:06:24,722 - INFO - CLEANUP: Temporary files cleaned up
2025-09-07 21:06:24,722 - INFO - SUCCESS: Example run completed successfully!
2025-09-07 21:08:55,962 - INFO - SUCCESS: Supabase client initialized successfully
2025-09-07 21:09:58,386 - INFO - SUCCESS: Supabase client initialized successfully
2025-09-07 21:10:06,509 - INFO - INIT: Initializing Image Similarity Searcher...
2025-09-07 21:10:06,510 - INFO - INIT: Initializing resnet18 embedder...
2025-09-07 21:10:06,631 - INFO - SUCCESS: ResNet embedder ready on cpu
2025-09-07 21:10:06,631 - INFO - CREATE: Creating new FAISS index
2025-09-07 21:10:06,632 - INFO - READY: FAISS index ready with 0 vectors
2025-09-07 21:10:06,632 - INFO - INIT: Loading YOLO model: yolov8n.pt
2025-09-07 21:10:06,658 - INFO - SUCCESS: YOLO detector ready
2025-09-07 21:10:06,659 - INFO - SUCCESS: Image Similarity Searcher ready!
2025-09-07 21:10:06,659 - INFO - VALIDATE: Validating system setup...
2025-09-07 21:10:07,713 - INFO - HTTP Request: GET https://omhpngniqyhejtbyujag.supabase.co/rest/v1/items?select=id&limit=1 "HTTP/2 200 OK"
2025-09-07 21:10:07,715 - INFO - SUCCESS: Database connection successful
2025-09-07 21:10:08,668 - INFO - HTTP Request: POST https://omhpngniqyhejtbyujag.supabase.co/storage/v1/object/list/inventory "HTTP/2 200 OK"
2025-09-07 21:10:08,669 - INFO - SUCCESS: Storage bucket accessible
2025-09-07 21:10:08,669 - INFO - INFO: FAISS index will be created on first use
2025-09-07 21:10:08,669 - INFO - SUCCESS: All systems validated successfully!
2025-09-07 21:10:08,837 - INFO - HTTP Request: GET https://omhpngniqyhejtbyujag.supabase.co/rest/v1/items?select=id "HTTP/2 200 OK"
2025-09-07 21:10:09,048 - INFO - HTTP Request: GET https://omhpngniqyhejtbyujag.supabase.co/rest/v1/items?select=id "HTTP/2 200 OK"
