2025-09-08 04:33:28,393 - INFO - SUCCESS: Supabase client initialized successfully
2025-09-08 04:38:20,830 - INFO - SUCCESS: Supabase client initialized successfully
2025-09-08 04:42:22,162 - INFO - SUCCESS: Supabase client initialized successfully
2025-09-08 04:42:22,164 - INFO - INIT: Initializing Inventory Management System...
2025-09-08 04:42:22,164 - INFO - INIT: Initializing resnet18 embedder...
2025-09-08 04:42:22,587 - INFO - SUCCESS: ResNet embedder ready on cpu
2025-09-08 04:42:22,589 - INFO - CREATE: Creating new FAISS index
2025-09-08 04:42:22,592 - INFO - READY: FAISS index ready with 0 vectors
2025-09-08 04:42:22,593 - INFO - INIT: Loading YOLO model: yolov8n.pt
2025-09-08 04:42:22,729 - INFO - SUCCESS: YOLO detector ready
2025-09-08 04:42:22,729 - INFO - SUCCESS: Inventory Management System ready!
2025-09-08 04:42:22,730 - INFO - VALIDATE: Validating system setup...
2025-09-08 04:42:24,582 - INFO - HTTP Request: GET https://omhpngniqyhejtbyujag.supabase.co/rest/v1/products?select=id&limit=1 "HTTP/2 404 Not Found"
2025-09-08 04:42:26,350 - INFO - HTTP Request: POST https://omhpngniqyhejtbyujag.supabase.co/storage/v1/object/list/inventory "HTTP/2 200 OK"
2025-09-08 04:42:26,351 - INFO - SUCCESS: Storage bucket accessible
2025-09-08 04:42:26,351 - ERROR - VALIDATION FAILED: Setup validation failed:
2025-09-08 04:42:26,352 - ERROR -   ERROR: Database connection failed: {'message': "Could not find the table 'public.products' in the schema cache", 'code': 'PGRST205', 'hint': None, 'details': None}
2025-09-08 04:43:08,407 - INFO - SUCCESS: Supabase client initialized successfully
2025-09-08 04:43:08,409 - INFO - INIT: Initializing Inventory Management System...
2025-09-08 04:43:08,410 - INFO - INIT: Initializing resnet18 embedder...
2025-09-08 04:43:08,683 - INFO - SUCCESS: ResNet embedder ready on cpu
2025-09-08 04:43:08,684 - INFO - CREATE: Creating new FAISS index
2025-09-08 04:43:08,684 - INFO - READY: FAISS index ready with 0 vectors
2025-09-08 04:43:08,685 - INFO - INIT: Loading YOLO model: yolov8n.pt
2025-09-08 04:43:08,753 - INFO - SUCCESS: YOLO detector ready
2025-09-08 04:43:08,753 - INFO - SUCCESS: Inventory Management System ready!
2025-09-08 04:43:08,754 - INFO - VALIDATE: Validating system setup...
2025-09-08 04:43:10,335 - INFO - HTTP Request: GET https://omhpngniqyhejtbyujag.supabase.co/rest/v1/products?select=id&limit=1 "HTTP/2 404 Not Found"
2025-09-08 04:43:12,045 - INFO - HTTP Request: POST https://omhpngniqyhejtbyujag.supabase.co/storage/v1/object/list/inventory "HTTP/2 200 OK"
2025-09-08 04:43:12,046 - INFO - SUCCESS: Storage bucket accessible
2025-09-08 04:43:12,047 - ERROR - VALIDATION FAILED: Setup validation failed:
2025-09-08 04:43:12,047 - ERROR -   ERROR: Database connection failed: {'message': "Could not find the table 'public.products' in the schema cache", 'code': 'PGRST205', 'hint': None, 'details': None}
2025-09-08 04:50:43,738 - INFO - SUCCESS: Supabase client initialized successfully
2025-09-08 04:50:43,740 - INFO - INIT: Initializing Inventory Management System...
2025-09-08 04:50:43,740 - INFO - INIT: Initializing resnet18 embedder...
2025-09-08 04:50:44,052 - INFO - SUCCESS: ResNet embedder ready on cpu
2025-09-08 04:50:44,053 - INFO - CREATE: Creating new FAISS index
2025-09-08 04:50:44,054 - INFO - READY: FAISS index ready with 0 vectors
2025-09-08 04:50:44,054 - INFO - INIT: Loading YOLO model: yolov8n.pt
2025-09-08 04:50:44,134 - INFO - SUCCESS: YOLO detector ready
2025-09-08 04:50:44,135 - INFO - SUCCESS: Inventory Management System ready!
2025-09-08 04:50:44,135 - INFO - VALIDATE: Validating system setup...
2025-09-08 04:50:46,207 - INFO - HTTP Request: GET https://omhpngniqyhejtbyujag.supabase.co/rest/v1/products?select=id&limit=1 "HTTP/2 200 OK"
2025-09-08 04:50:46,213 - INFO - SUCCESS: Database connection successful
2025-09-08 04:50:48,118 - INFO - HTTP Request: POST https://omhpngniqyhejtbyujag.supabase.co/storage/v1/object/list/inventory "HTTP/2 200 OK"
2025-09-08 04:50:48,120 - INFO - SUCCESS: Storage bucket accessible
2025-09-08 04:50:48,121 - INFO - SUCCESS: All systems validated successfully!
2025-09-08 04:50:48,349 - INFO - HTTP Request: GET https://omhpngniqyhejtbyujag.supabase.co/rest/v1/products?select=id "HTTP/2 200 OK"
2025-09-08 04:50:48,883 - INFO - HTTP Request: GET https://omhpngniqyhejtbyujag.supabase.co/rest/v1/products?select=stock_quantity%2Cprice "HTTP/2 200 OK"
2025-09-08 04:54:13,193 - INFO - SUCCESS: Supabase client initialized successfully
2025-09-08 04:54:13,195 - INFO - INIT: Initializing Inventory Management System...
2025-09-08 04:54:13,196 - INFO - INIT: Initializing resnet18 embedder...
2025-09-08 04:54:13,531 - INFO - SUCCESS: ResNet embedder ready on cpu
2025-09-08 04:54:13,533 - INFO - CREATE: Creating new FAISS index
2025-09-08 04:54:13,533 - INFO - READY: FAISS index ready with 0 vectors
2025-09-08 04:54:13,534 - INFO - INIT: Loading YOLO model: yolov8n.pt
2025-09-08 04:54:13,617 - INFO - SUCCESS: YOLO detector ready
2025-09-08 04:54:13,618 - INFO - SUCCESS: Inventory Management System ready!
2025-09-08 04:54:13,619 - INFO - VALIDATE: Validating system setup...
2025-09-08 04:54:15,617 - INFO - HTTP Request: GET https://omhpngniqyhejtbyujag.supabase.co/rest/v1/products?select=id&limit=1 "HTTP/2 200 OK"
2025-09-08 04:54:15,623 - INFO - SUCCESS: Database connection successful
2025-09-08 04:54:17,365 - INFO - HTTP Request: POST https://omhpngniqyhejtbyujag.supabase.co/storage/v1/object/list/inventory "HTTP/2 200 OK"
2025-09-08 04:54:17,365 - INFO - SUCCESS: Storage bucket accessible
2025-09-08 04:54:17,366 - INFO - SUCCESS: All systems validated successfully!
2025-09-08 04:56:02,794 - INFO - UPLOAD: Starting upload for product: cement
2025-09-08 04:56:03,453 - INFO - HTTP Request: POST https://omhpngniqyhejtbyujag.supabase.co/rest/v1/products "HTTP/2 201 Created"
2025-09-08 04:56:05,281 - ERROR - ERROR: Failed to upload product from C:\Users\prade\OneDrive\Desktop\INVENTORY_IOM\uploads\u_2.jpg: Header value must be str or bytes, not <class 'bool'>
2025-09-08 04:56:05,471 - INFO - HTTP Request: POST https://omhpngniqyhejtbyujag.supabase.co/rest/v1/products "HTTP/2 409 Conflict"
2025-09-08 04:56:05,473 - ERROR - ERROR: Failed to upload product from C:\Users\prade\OneDrive\Desktop\INVENTORY_IOM\uploads\u_1.jpg: {'message': 'duplicate key value violates unique constraint "products_sku_key"', 'code': '23505', 'hint': None, 'details': 'Key (sku)=(2523) already exists.'}
2025-09-08 04:56:05,654 - INFO - HTTP Request: POST https://omhpngniqyhejtbyujag.supabase.co/rest/v1/products "HTTP/2 409 Conflict"
2025-09-08 04:56:05,655 - ERROR - ERROR: Failed to upload product from C:\Users\prade\OneDrive\Desktop\INVENTORY_IOM\uploads\u_1.jpg: {'message': 'duplicate key value violates unique constraint "products_sku_key"', 'code': '23505', 'hint': None, 'details': 'Key (sku)=(2523) already exists.'}
2025-09-08 04:56:05,826 - INFO - HTTP Request: GET https://omhpngniqyhejtbyujag.supabase.co/rest/v1/products?select=id "HTTP/2 200 OK"
2025-09-08 04:56:06,009 - INFO - HTTP Request: GET https://omhpngniqyhejtbyujag.supabase.co/rest/v1/products?select=stock_quantity%2Cprice "HTTP/2 200 OK"
2025-09-08 04:56:18,437 - INFO - HTTP Request: GET https://omhpngniqyhejtbyujag.supabase.co/rest/v1/products?select=id "HTTP/2 200 OK"
2025-09-08 04:56:18,620 - INFO - HTTP Request: GET https://omhpngniqyhejtbyujag.supabase.co/rest/v1/products?select=stock_quantity%2Cprice "HTTP/2 200 OK"
2025-09-08 04:58:19,231 - INFO - SEARCH: Searching for similar products using: C:\Users\prade\OneDrive\Desktop\INVENTORY_IOM\queries\25_u.jpg
2025-09-08 04:58:20,031 - INFO - HTTP Request: GET https://omhpngniqyhejtbyujag.supabase.co/rest/v1/products?select=id%2Cname%2Csku%2Cprice%2Cstock_quantity%2Cdescription%2Ccategory%2Cimage_url%2Ccreated_at&id=eq.1 "HTTP/2 200 OK"
2025-09-08 04:58:20,033 - INFO - SEARCH: Found 1 matching products
2025-09-08 04:59:17,705 - INFO - BATCH: Batch processing directory: 
2025-09-08 04:59:17,711 - INFO - FOUND: Found 0 images to process
2025-09-08 04:59:17,711 - INFO - SUCCESS: Batch processing complete. Created 0 items.
2025-09-08 04:59:17,977 - INFO - HTTP Request: GET https://omhpngniqyhejtbyujag.supabase.co/rest/v1/products?select=id "HTTP/2 200 OK"
2025-09-08 04:59:18,156 - INFO - HTTP Request: GET https://omhpngniqyhejtbyujag.supabase.co/rest/v1/products?select=stock_quantity%2Cprice "HTTP/2 200 OK"
2025-09-08 05:00:44,403 - INFO - UPLOAD: Starting upload for product: nagarjuna_cement
2025-09-08 05:00:44,872 - INFO - HTTP Request: POST https://omhpngniqyhejtbyujag.supabase.co/rest/v1/products "HTTP/2 201 Created"
2025-09-08 05:00:45,216 - ERROR - ERROR: Failed to upload product from C:\Users\prade\OneDrive\Desktop\INVENTORY_IOM\uploads\i2.1.jpg: Header value must be str or bytes, not <class 'bool'>
2025-09-08 05:00:45,378 - INFO - HTTP Request: GET https://omhpngniqyhejtbyujag.supabase.co/rest/v1/products?select=id "HTTP/2 200 OK"
2025-09-08 05:00:45,540 - INFO - HTTP Request: GET https://omhpngniqyhejtbyujag.supabase.co/rest/v1/products?select=stock_quantity%2Cprice "HTTP/2 200 OK"
2025-09-08 05:01:25,883 - INFO - SEARCH: Searching for similar products using: C:\Users\prade\OneDrive\Desktop\INVENTORY_IOM\queries\test_1.jpg
2025-09-08 05:01:26,457 - INFO - HTTP Request: GET https://omhpngniqyhejtbyujag.supabase.co/rest/v1/products?select=id%2Cname%2Csku%2Cprice%2Cstock_quantity%2Cdescription%2Ccategory%2Cimage_url%2Ccreated_at&id=eq.1 "HTTP/2 200 OK"
2025-09-08 05:01:26,636 - INFO - HTTP Request: GET https://omhpngniqyhejtbyujag.supabase.co/rest/v1/products?select=id%2Cname%2Csku%2Cprice%2Cstock_quantity%2Cdescription%2Ccategory%2Cimage_url%2Ccreated_at&id=eq.4 "HTTP/2 200 OK"
2025-09-08 05:01:26,638 - INFO - SEARCH: Found 2 matching products
2025-09-08 09:40:34,789 - INFO - UPLOAD: Starting upload for product: iron
2025-09-08 09:40:36,844 - INFO - HTTP Request: POST https://omhpngniqyhejtbyujag.supabase.co/rest/v1/products "HTTP/2 201 Created"
2025-09-08 09:40:37,695 - ERROR - ERROR: Failed to upload product from C:\Users\prade\OneDrive\Desktop\INVENTORY_IOM\queries\test_2.jpg: Header value must be str or bytes, not <class 'bool'>
2025-09-08 09:40:38,906 - INFO - HTTP Request: GET https://omhpngniqyhejtbyujag.supabase.co/rest/v1/products?select=id "HTTP/2 200 OK"
2025-09-08 09:40:39,638 - INFO - HTTP Request: GET https://omhpngniqyhejtbyujag.supabase.co/rest/v1/products?select=stock_quantity%2Cprice "HTTP/2 200 OK"
2025-09-08 09:40:55,499 - INFO - HTTP Request: GET https://omhpngniqyhejtbyujag.supabase.co/rest/v1/products?select=id "HTTP/2 200 OK"
2025-09-08 09:40:57,271 - INFO - HTTP Request: GET https://omhpngniqyhejtbyujag.supabase.co/rest/v1/products?select=stock_quantity%2Cprice "HTTP/2 200 OK"
2025-09-08 09:41:30,053 - INFO - SEARCH: Searching for similar products using: C:\Users\prade\OneDrive\Desktop\INVENTORY_IOM\queries\test_2.jpg
2025-09-08 09:41:35,393 - INFO - HTTP Request: GET https://omhpngniqyhejtbyujag.supabase.co/rest/v1/products?select=id%2Cname%2Csku%2Cprice%2Cstock_quantity%2Cdescription%2Ccategory%2Cimage_url%2Ccreated_at&id=eq.5&stock_quantity=gt.0 "HTTP/2 200 OK"
2025-09-08 09:41:37,187 - INFO - HTTP Request: GET https://omhpngniqyhejtbyujag.supabase.co/rest/v1/products?select=id%2Cname%2Csku%2Cprice%2Cstock_quantity%2Cdescription%2Ccategory%2Cimage_url%2Ccreated_at&id=eq.1&stock_quantity=gt.0 "HTTP/2 200 OK"
2025-09-08 09:41:37,677 - INFO - HTTP Request: GET https://omhpngniqyhejtbyujag.supabase.co/rest/v1/products?select=id%2Cname%2Csku%2Cprice%2Cstock_quantity%2Cdescription%2Ccategory%2Cimage_url%2Ccreated_at&id=eq.4&stock_quantity=gt.0 "HTTP/2 200 OK"
2025-09-08 09:41:37,681 - INFO - SEARCH: Found 3 matching products
2025-09-08 10:02:36,725 - INFO - SUCCESS: Supabase client initialized successfully
2025-09-08 10:02:36,727 - INFO - INIT: Initializing Inventory Management System...
2025-09-08 10:02:36,728 - INFO - INIT: Initializing resnet18 embedder...
2025-09-08 10:02:37,080 - INFO - SUCCESS: ResNet embedder ready on cpu
2025-09-08 10:02:37,081 - INFO - LOAD: Loading existing FAISS index from C:\Users\prade\OneDrive\Desktop\INVENTORY_IOM\faiss_index.bin
2025-09-08 10:02:37,101 - INFO - READY: FAISS index ready with 3 vectors
2025-09-08 10:02:37,101 - INFO - INIT: Loading YOLO model: yolov8n.pt
2025-09-08 10:02:37,215 - INFO - SUCCESS: YOLO detector ready
2025-09-08 10:02:37,216 - INFO - SUCCESS: Inventory Management System ready!
2025-09-08 10:02:37,216 - INFO - VALIDATE: Validating system setup...
2025-09-08 10:02:40,036 - INFO - HTTP Request: GET https://omhpngniqyhejtbyujag.supabase.co/rest/v1/products?select=id&limit=1 "HTTP/2 200 OK"
2025-09-08 10:02:40,041 - INFO - SUCCESS: Database connection successful
2025-09-08 10:02:42,421 - INFO - HTTP Request: POST https://omhpngniqyhejtbyujag.supabase.co/storage/v1/object/list/inventory "HTTP/2 200 OK"
2025-09-08 10:02:42,422 - INFO - SUCCESS: Storage bucket accessible
2025-09-08 10:02:42,423 - INFO - SUCCESS: All systems validated successfully!
2025-09-08 10:02:43,158 - INFO - HTTP Request: GET https://omhpngniqyhejtbyujag.supabase.co/rest/v1/products?select=id "HTTP/2 200 OK"
2025-09-08 10:02:43,807 - INFO - HTTP Request: GET https://omhpngniqyhejtbyujag.supabase.co/rest/v1/products?select=stock_quantity%2Cprice "HTTP/2 200 OK"
2025-09-08 10:02:43,814 - INFO - UPLOAD: Starting upload for product: Cem 1
2025-09-08 10:02:44,212 - INFO - HTTP Request: POST https://omhpngniqyhejtbyujag.supabase.co/rest/v1/products "HTTP/2 201 Created"
2025-09-08 10:02:45,002 - ERROR - ERROR: Failed to upload product from C:\Users\prade\OneDrive\Desktop\INVENTORY_IOM\uploads\cem_1.jpg: Header value must be str or bytes, not <class 'bool'>
2025-09-08 10:02:45,004 - INFO - SEARCH: Searching for highest similarity product using: C:\Users\prade\OneDrive\Desktop\INVENTORY_IOM\uploads\cem_1.jpg
2025-09-08 10:02:46,035 - INFO - HTTP Request: GET https://omhpngniqyhejtbyujag.supabase.co/rest/v1/products?select=id%2Cname%2Csku%2Cprice%2Cstock_quantity%2Cdescription%2Ccategory%2Cimage_url%2Ccreated_at&id=eq.6 "HTTP/2 200 OK"
2025-09-08 10:02:46,334 - INFO - HTTP Request: GET https://omhpngniqyhejtbyujag.supabase.co/rest/v1/products?select=id%2Cname%2Csku%2Cprice%2Cstock_quantity%2Cdescription%2Ccategory%2Cimage_url%2Ccreated_at&id=eq.5 "HTTP/2 200 OK"
2025-09-08 10:02:46,755 - INFO - HTTP Request: GET https://omhpngniqyhejtbyujag.supabase.co/rest/v1/products?select=id%2Cname%2Csku%2Cprice%2Cstock_quantity%2Cdescription%2Ccategory%2Cimage_url%2Ccreated_at&id=eq.1 "HTTP/2 200 OK"
2025-09-08 10:02:47,297 - INFO - HTTP Request: GET https://omhpngniqyhejtbyujag.supabase.co/rest/v1/products?select=id%2Cname%2Csku%2Cprice%2Cstock_quantity%2Cdescription%2Ccategory%2Cimage_url%2Ccreated_at&id=eq.4 "HTTP/2 200 OK"
2025-09-08 10:02:47,299 - INFO - SEARCH: Found best matching product: Cem 1 (Score: 1.000)
2025-09-08 10:02:47,986 - INFO - HTTP Request: GET https://omhpngniqyhejtbyujag.supabase.co/rest/v1/products?select=id "HTTP/2 200 OK"
2025-09-08 10:02:48,697 - INFO - HTTP Request: GET https://omhpngniqyhejtbyujag.supabase.co/rest/v1/products?select=stock_quantity%2Cprice "HTTP/2 200 OK"
2025-09-08 10:03:08,131 - INFO - SUCCESS: Supabase client initialized successfully
2025-09-08 10:03:08,133 - INFO - INIT: Initializing Inventory Management System...
2025-09-08 10:03:08,133 - INFO - INIT: Initializing resnet18 embedder...
2025-09-08 10:03:08,446 - INFO - SUCCESS: ResNet embedder ready on cpu
2025-09-08 10:03:08,447 - INFO - LOAD: Loading existing FAISS index from C:\Users\prade\OneDrive\Desktop\INVENTORY_IOM\faiss_index.bin
2025-09-08 10:03:08,472 - INFO - READY: FAISS index ready with 5 vectors
2025-09-08 10:03:08,473 - INFO - INIT: Loading YOLO model: yolov8n.pt
2025-09-08 10:03:08,546 - INFO - SUCCESS: YOLO detector ready
2025-09-08 10:03:08,547 - INFO - SUCCESS: Inventory Management System ready!
2025-09-08 10:03:08,548 - INFO - VALIDATE: Validating system setup...
2025-09-08 10:03:10,479 - INFO - HTTP Request: GET https://omhpngniqyhejtbyujag.supabase.co/rest/v1/products?select=id&limit=1 "HTTP/2 200 OK"
2025-09-08 10:03:10,484 - INFO - SUCCESS: Database connection successful
2025-09-08 10:03:12,797 - INFO - HTTP Request: POST https://omhpngniqyhejtbyujag.supabase.co/storage/v1/object/list/inventory "HTTP/2 200 OK"
2025-09-08 10:03:12,799 - INFO - SUCCESS: Storage bucket accessible
2025-09-08 10:03:12,799 - INFO - SUCCESS: All systems validated successfully!
2025-09-08 10:06:40,508 - INFO - SUCCESS: Supabase client initialized successfully
2025-09-08 10:06:40,510 - INFO - INIT: Initializing Inventory Management System...
2025-09-08 10:06:40,510 - INFO - INIT: Initializing resnet18 embedder...
2025-09-08 10:06:40,822 - INFO - SUCCESS: ResNet embedder ready on cpu
2025-09-08 10:06:40,823 - INFO - LOAD: Loading existing FAISS index from C:\Users\prade\OneDrive\Desktop\INVENTORY_IOM\faiss_index.bin
2025-09-08 10:06:40,824 - INFO - READY: FAISS index ready with 5 vectors
2025-09-08 10:06:40,825 - INFO - INIT: Loading YOLO model: yolov8n.pt
2025-09-08 10:06:40,907 - INFO - SUCCESS: YOLO detector ready
2025-09-08 10:06:40,908 - INFO - SUCCESS: Inventory Management System ready!
2025-09-08 10:06:40,909 - INFO - VALIDATE: Validating system setup...
2025-09-08 10:06:43,922 - INFO - HTTP Request: GET https://omhpngniqyhejtbyujag.supabase.co/rest/v1/products?select=id&limit=1 "HTTP/2 200 OK"
2025-09-08 10:06:43,928 - INFO - SUCCESS: Database connection successful
2025-09-08 10:06:47,505 - INFO - HTTP Request: POST https://omhpngniqyhejtbyujag.supabase.co/storage/v1/object/list/inventory "HTTP/2 200 OK"
2025-09-08 10:06:47,506 - INFO - SUCCESS: Storage bucket accessible
2025-09-08 10:06:47,507 - INFO - SUCCESS: All systems validated successfully!
2025-09-08 16:09:50,972 - INFO - SUCCESS: Supabase client initialized successfully
2025-09-08 16:09:50,974 - INFO - INIT: Initializing Inventory Management System...
2025-09-08 16:09:50,974 - INFO - INIT: Initializing resnet18 embedder...
2025-09-08 16:09:51,378 - INFO - SUCCESS: ResNet embedder ready on cpu
2025-09-08 16:09:51,379 - INFO - LOAD: Loading existing FAISS index from C:\Users\prade\OneDrive\Desktop\INVENTORY_IOM\faiss_index.bin
2025-09-08 16:09:51,382 - INFO - READY: FAISS index ready with 5 vectors
2025-09-08 16:09:51,383 - INFO - INIT: Loading YOLO model: yolov8n.pt
2025-09-08 16:09:51,511 - INFO - SUCCESS: YOLO detector ready
2025-09-08 16:09:51,512 - INFO - SUCCESS: Inventory Management System ready!
2025-09-08 16:09:51,512 - INFO - VALIDATE: Validating system setup...
2025-09-08 16:09:57,113 - INFO - HTTP Request: GET https://omhpngniqyhejtbyujag.supabase.co/rest/v1/products?select=id&limit=1 "HTTP/2 200 OK"
2025-09-08 16:09:57,118 - INFO - SUCCESS: Database connection successful
2025-09-08 16:09:59,774 - INFO - HTTP Request: POST https://omhpngniqyhejtbyujag.supabase.co/storage/v1/object/list/inventory "HTTP/2 200 OK"
2025-09-08 16:09:59,776 - INFO - SUCCESS: Storage bucket accessible
2025-09-08 16:09:59,776 - INFO - SUCCESS: All systems validated successfully!
2025-09-08 16:14:38,916 - INFO - UPLOAD: Starting upload for product: allu
2025-09-08 16:14:40,323 - INFO - HTTP Request: POST https://omhpngniqyhejtbyujag.supabase.co/rest/v1/products "HTTP/2 201 Created"
2025-09-08 16:14:40,523 - ERROR - ERROR: Detection failed for C:\Users\prade\OneDrive\Desktop\INVENTORY_IOM\uploads\a_jpg: No images or videos found in C:\Users\prade\OneDrive\Desktop\INVENTORY_IOM\uploads\a_jpg. Supported formats are:
images: {'dng', 'tiff', 'bmp', 'heic', 'webp', 'pfm', 'mpo', 'jpg', 'jpeg', 'tif', 'png'}
videos: {'m4v', 'mp4', 'wmv', 'mpg', 'ts', 'asf', 'mpeg', 'webm', 'mkv', 'mov', 'gif', 'avi'}
2025-09-08 16:14:40,893 - ERROR - ERROR: Failed to upload product from C:\Users\prade\OneDrive\Desktop\INVENTORY_IOM\uploads\a_jpg: Header value must be str or bytes, not <class 'bool'>
2025-09-08 16:14:41,761 - INFO - HTTP Request: GET https://omhpngniqyhejtbyujag.supabase.co/rest/v1/products?select=id "HTTP/2 200 OK"
2025-09-08 16:14:43,611 - INFO - HTTP Request: GET https://omhpngniqyhejtbyujag.supabase.co/rest/v1/products?select=stock_quantity%2Cprice "HTTP/2 200 OK"
2025-09-08 16:17:03,266 - INFO - SEARCH: Searching for highest similarity product using: C:\Users\prade\OneDrive\Desktop\INVENTORY_IOM\uploads\a2_.jpg
2025-09-08 16:17:04,861 - INFO - HTTP Request: GET https://omhpngniqyhejtbyujag.supabase.co/rest/v1/products?select=id%2Cname%2Csku%2Cprice%2Cstock_quantity%2Cdescription%2Ccategory%2Cimage_url%2Ccreated_at&id=eq.7&stock_quantity=gt.0 "HTTP/2 200 OK"
2025-09-08 16:17:05,278 - INFO - HTTP Request: GET https://omhpngniqyhejtbyujag.supabase.co/rest/v1/products?select=id%2Cname%2Csku%2Cprice%2Cstock_quantity%2Cdescription%2Ccategory%2Cimage_url%2Ccreated_at&id=eq.4&stock_quantity=gt.0 "HTTP/2 200 OK"
2025-09-08 16:17:05,932 - INFO - HTTP Request: GET https://omhpngniqyhejtbyujag.supabase.co/rest/v1/products?select=id%2Cname%2Csku%2Cprice%2Cstock_quantity%2Cdescription%2Ccategory%2Cimage_url%2Ccreated_at&id=eq.1&stock_quantity=gt.0 "HTTP/2 200 OK"
2025-09-08 16:17:06,409 - INFO - HTTP Request: GET https://omhpngniqyhejtbyujag.supabase.co/rest/v1/products?select=id%2Cname%2Csku%2Cprice%2Cstock_quantity%2Cdescription%2Ccategory%2Cimage_url%2Ccreated_at&id=eq.5&stock_quantity=gt.0 "HTTP/2 200 OK"
2025-09-08 16:17:06,899 - INFO - HTTP Request: GET https://omhpngniqyhejtbyujag.supabase.co/rest/v1/products?select=id%2Cname%2Csku%2Cprice%2Cstock_quantity%2Cdescription%2Ccategory%2Cimage_url%2Ccreated_at&id=eq.6&stock_quantity=gt.0 "HTTP/2 200 OK"
2025-09-08 16:17:06,901 - INFO - SEARCH: Found best matching product: allu (Score: 0.515)
2025-09-08 16:18:37,588 - INFO - SEARCH: Searching for highest similarity product using: C:\Users\prade\OneDrive\Desktop\INVENTORY_IOM\uploads\a2_.jpg
2025-09-08 16:18:38,775 - INFO - HTTP Request: GET https://omhpngniqyhejtbyujag.supabase.co/rest/v1/products?select=id%2Cname%2Csku%2Cprice%2Cstock_quantity%2Cdescription%2Ccategory%2Cimage_url%2Ccreated_at&id=eq.7 "HTTP/2 200 OK"
2025-09-08 16:18:39,367 - INFO - HTTP Request: GET https://omhpngniqyhejtbyujag.supabase.co/rest/v1/products?select=id%2Cname%2Csku%2Cprice%2Cstock_quantity%2Cdescription%2Ccategory%2Cimage_url%2Ccreated_at&id=eq.4 "HTTP/2 200 OK"
2025-09-08 16:18:39,773 - INFO - HTTP Request: GET https://omhpngniqyhejtbyujag.supabase.co/rest/v1/products?select=id%2Cname%2Csku%2Cprice%2Cstock_quantity%2Cdescription%2Ccategory%2Cimage_url%2Ccreated_at&id=eq.1 "HTTP/2 200 OK"
2025-09-08 16:18:40,122 - INFO - HTTP Request: GET https://omhpngniqyhejtbyujag.supabase.co/rest/v1/products?select=id%2Cname%2Csku%2Cprice%2Cstock_quantity%2Cdescription%2Ccategory%2Cimage_url%2Ccreated_at&id=eq.5 "HTTP/2 200 OK"
2025-09-08 16:18:40,701 - INFO - HTTP Request: GET https://omhpngniqyhejtbyujag.supabase.co/rest/v1/products?select=id%2Cname%2Csku%2Cprice%2Cstock_quantity%2Cdescription%2Ccategory%2Cimage_url%2Ccreated_at&id=eq.6 "HTTP/2 200 OK"
2025-09-08 16:18:40,705 - INFO - SEARCH: Found best matching product: allu (Score: 0.515)
2025-09-08 16:33:48,947 - INFO - SEARCH: Searching for highest similarity product using: C:\Users\prade\OneDrive\Desktop\INVENTORY_IOM\queries\a2_.jpg
2025-09-08 16:33:51,511 - INFO - HTTP Request: GET https://omhpngniqyhejtbyujag.supabase.co/rest/v1/products?select=id%2Cname%2Csku%2Cprice%2Cstock_quantity%2Cdescription%2Ccategory%2Cimage_url%2Ccreated_at&id=eq.7 "HTTP/2 200 OK"
2025-09-08 16:33:52,068 - INFO - HTTP Request: GET https://omhpngniqyhejtbyujag.supabase.co/rest/v1/products?select=id%2Cname%2Csku%2Cprice%2Cstock_quantity%2Cdescription%2Ccategory%2Cimage_url%2Ccreated_at&id=eq.4 "HTTP/2 200 OK"
2025-09-08 16:33:52,349 - INFO - HTTP Request: GET https://omhpngniqyhejtbyujag.supabase.co/rest/v1/products?select=id%2Cname%2Csku%2Cprice%2Cstock_quantity%2Cdescription%2Ccategory%2Cimage_url%2Ccreated_at&id=eq.1 "HTTP/2 200 OK"
2025-09-08 16:33:53,048 - INFO - HTTP Request: GET https://omhpngniqyhejtbyujag.supabase.co/rest/v1/products?select=id%2Cname%2Csku%2Cprice%2Cstock_quantity%2Cdescription%2Ccategory%2Cimage_url%2Ccreated_at&id=eq.5 "HTTP/2 200 OK"
2025-09-08 16:33:53,721 - INFO - HTTP Request: GET https://omhpngniqyhejtbyujag.supabase.co/rest/v1/products?select=id%2Cname%2Csku%2Cprice%2Cstock_quantity%2Cdescription%2Ccategory%2Cimage_url%2Ccreated_at&id=eq.6 "HTTP/2 200 OK"
2025-09-08 16:33:53,723 - INFO - SEARCH: Found best matching product: allu (Score: 0.515)
